<?xml version="1.0" encoding="UTF-8"?>
<!-- Generated by org.testng.reporters.JUnitReportReporter -->
<testsuite skipped="0" hostname="BUTU" name="com.testing.SignInTest" tests="1" failures="0" timestamp="30 Nov 2017 17:33:55 GMT" time="27.596" errors="0">
  <testcase name="shouldThrowAnErrorIfSignInDetailsAreMissing" time="27.596" classname="com.testing.SignInTest"/>
</testsuite> <!-- com.testing.SignInTest -->
